[2025-04-04 02:17:39] local.ERROR: copy(D:\Projects\TareasWilson\Nube2\php-laravel-docker\resources\css/app.css): Failed to open stream: No such file or directory {"exception":"[object] (ErrorException(code: 0): copy(D:\\Projects\\TareasWilson\\Nube2\\php-laravel-docker\\resources\\css/app.css): Failed to open stream: No such file or directory at D:\\Projects\\TareasWilson\\Nube2\\php-laravel-docker\\vendor\\laravel\\breeze\\src\\Console\\InstallsBladeStack.php:70)
[stacktrace]
#0 D:\\Projects\\TareasWilson\\Nube2\\php-laravel-docker\\vendor\\laravel\\framework\\src\\Illuminate\\Foundation\\Bootstrap\\HandleExceptions.php(256): Illuminate\\Foundation\\Bootstrap\\HandleExceptions->handleError()
#1 [internal function]: Illuminate\\Foundation\\Bootstrap\\HandleExceptions->{closure:Illuminate\\Foundation\\Bootstrap\\HandleExceptions::forwardsTo():255}()
#2 D:\\Projects\\TareasWilson\\Nube2\\php-laravel-docker\\vendor\\laravel\\breeze\\src\\Console\\InstallsBladeStack.php(70): copy()
#3 D:\\Projects\\TareasWilson\\Nube2\\php-laravel-docker\\vendor\\laravel\\breeze\\src\\Console\\InstallCommand.php(61): Laravel\\Breeze\\Console\\InstallCommand->installBladeStack()
#4 D:\\Projects\\TareasWilson\\Nube2\\php-laravel-docker\\vendor\\laravel\\framework\\src\\Illuminate\\Container\\BoundMethod.php(36): Laravel\\Breeze\\Console\\InstallCommand->handle()
#5 D:\\Projects\\TareasWilson\\Nube2\\php-laravel-docker\\vendor\\laravel\\framework\\src\\Illuminate\\Container\\Util.php(43): Illuminate\\Container\\BoundMethod::{closure:Illuminate\\Container\\BoundMethod::call():35}()
#6 D:\\Projects\\TareasWilson\\Nube2\\php-laravel-docker\\vendor\\laravel\\framework\\src\\Illuminate\\Container\\BoundMethod.php(95): Illuminate\\Container\\Util::unwrapIfClosure()
#7 D:\\Projects\\TareasWilson\\Nube2\\php-laravel-docker\\vendor\\laravel\\framework\\src\\Illuminate\\Container\\BoundMethod.php(35): Illuminate\\Container\\BoundMethod::callBoundMethod()
#8 D:\\Projects\\TareasWilson\\Nube2\\php-laravel-docker\\vendor\\laravel\\framework\\src\\Illuminate\\Container\\Container.php(696): Illuminate\\Container\\BoundMethod::call()
#9 D:\\Projects\\TareasWilson\\Nube2\\php-laravel-docker\\vendor\\laravel\\framework\\src\\Illuminate\\Console\\Command.php(213): Illuminate\\Container\\Container->call()
#10 D:\\Projects\\TareasWilson\\Nube2\\php-laravel-docker\\vendor\\symfony\\console\\Command\\Command.php(279): Illuminate\\Console\\Command->execute()
#11 D:\\Projects\\TareasWilson\\Nube2\\php-laravel-docker\\vendor\\laravel\\framework\\src\\Illuminate\\Console\\Command.php(182): Symfony\\Component\\Console\\Command\\Command->run()
#12 D:\\Projects\\TareasWilson\\Nube2\\php-laravel-docker\\vendor\\symfony\\console\\Application.php(1094): Illuminate\\Console\\Command->run()
#13 D:\\Projects\\TareasWilson\\Nube2\\php-laravel-docker\\vendor\\symfony\\console\\Application.php(342): Symfony\\Component\\Console\\Application->doRunCommand()
#14 D:\\Projects\\TareasWilson\\Nube2\\php-laravel-docker\\vendor\\symfony\\console\\Application.php(193): Symfony\\Component\\Console\\Application->doRun()
#15 D:\\Projects\\TareasWilson\\Nube2\\php-laravel-docker\\vendor\\laravel\\framework\\src\\Illuminate\\Foundation\\Console\\Kernel.php(198): Symfony\\Component\\Console\\Application->run()
#16 D:\\Projects\\TareasWilson\\Nube2\\php-laravel-docker\\artisan(35): Illuminate\\Foundation\\Console\\Kernel->handle()
#17 {main}
"} 
[2025-04-04 02:18:48] local.ERROR: copy(D:\Projects\TareasWilson\Nube2\php-laravel-docker\resources\css/app.css): Failed to open stream: No such file or directory {"exception":"[object] (ErrorException(code: 0): copy(D:\\Projects\\TareasWilson\\Nube2\\php-laravel-docker\\resources\\css/app.css): Failed to open stream: No such file or directory at D:\\Projects\\TareasWilson\\Nube2\\php-laravel-docker\\vendor\\laravel\\breeze\\src\\Console\\InstallsBladeStack.php:70)
[stacktrace]
#0 D:\\Projects\\TareasWilson\\Nube2\\php-laravel-docker\\vendor\\laravel\\framework\\src\\Illuminate\\Foundation\\Bootstrap\\HandleExceptions.php(256): Illuminate\\Foundation\\Bootstrap\\HandleExceptions->handleError()
#1 [internal function]: Illuminate\\Foundation\\Bootstrap\\HandleExceptions->{closure:Illuminate\\Foundation\\Bootstrap\\HandleExceptions::forwardsTo():255}()
#2 D:\\Projects\\TareasWilson\\Nube2\\php-laravel-docker\\vendor\\laravel\\breeze\\src\\Console\\InstallsBladeStack.php(70): copy()
#3 D:\\Projects\\TareasWilson\\Nube2\\php-laravel-docker\\vendor\\laravel\\breeze\\src\\Console\\InstallCommand.php(61): Laravel\\Breeze\\Console\\InstallCommand->installBladeStack()
#4 D:\\Projects\\TareasWilson\\Nube2\\php-laravel-docker\\vendor\\laravel\\framework\\src\\Illuminate\\Container\\BoundMethod.php(36): Laravel\\Breeze\\Console\\InstallCommand->handle()
#5 D:\\Projects\\TareasWilson\\Nube2\\php-laravel-docker\\vendor\\laravel\\framework\\src\\Illuminate\\Container\\Util.php(43): Illuminate\\Container\\BoundMethod::{closure:Illuminate\\Container\\BoundMethod::call():35}()
#6 D:\\Projects\\TareasWilson\\Nube2\\php-laravel-docker\\vendor\\laravel\\framework\\src\\Illuminate\\Container\\BoundMethod.php(95): Illuminate\\Container\\Util::unwrapIfClosure()
#7 D:\\Projects\\TareasWilson\\Nube2\\php-laravel-docker\\vendor\\laravel\\framework\\src\\Illuminate\\Container\\BoundMethod.php(35): Illuminate\\Container\\BoundMethod::callBoundMethod()
#8 D:\\Projects\\TareasWilson\\Nube2\\php-laravel-docker\\vendor\\laravel\\framework\\src\\Illuminate\\Container\\Container.php(696): Illuminate\\Container\\BoundMethod::call()
#9 D:\\Projects\\TareasWilson\\Nube2\\php-laravel-docker\\vendor\\laravel\\framework\\src\\Illuminate\\Console\\Command.php(213): Illuminate\\Container\\Container->call()
#10 D:\\Projects\\TareasWilson\\Nube2\\php-laravel-docker\\vendor\\symfony\\console\\Command\\Command.php(279): Illuminate\\Console\\Command->execute()
#11 D:\\Projects\\TareasWilson\\Nube2\\php-laravel-docker\\vendor\\laravel\\framework\\src\\Illuminate\\Console\\Command.php(182): Symfony\\Component\\Console\\Command\\Command->run()
#12 D:\\Projects\\TareasWilson\\Nube2\\php-laravel-docker\\vendor\\symfony\\console\\Application.php(1094): Illuminate\\Console\\Command->run()
#13 D:\\Projects\\TareasWilson\\Nube2\\php-laravel-docker\\vendor\\symfony\\console\\Application.php(342): Symfony\\Component\\Console\\Application->doRunCommand()
#14 D:\\Projects\\TareasWilson\\Nube2\\php-laravel-docker\\vendor\\symfony\\console\\Application.php(193): Symfony\\Component\\Console\\Application->doRun()
#15 D:\\Projects\\TareasWilson\\Nube2\\php-laravel-docker\\vendor\\laravel\\framework\\src\\Illuminate\\Foundation\\Console\\Kernel.php(198): Symfony\\Component\\Console\\Application->run()
#16 D:\\Projects\\TareasWilson\\Nube2\\php-laravel-docker\\artisan(35): Illuminate\\Foundation\\Console\\Kernel->handle()
#17 {main}
"} 
[2025-04-04 02:22:34] local.ERROR: could not find driver (Connection: pgsql, SQL: select exists (select 1 from pg_class c, pg_namespace n where n.nspname = 'public' and c.relname = 'migrations' and c.relkind in ('r', 'p') and n.oid = c.relnamespace)) {"exception":"[object] (Illuminate\\Database\\QueryException(code: 0): could not find driver (Connection: pgsql, SQL: select exists (select 1 from pg_class c, pg_namespace n where n.nspname = 'public' and c.relname = 'migrations' and c.relkind in ('r', 'p') and n.oid = c.relnamespace)) at D:\\Projects\\TareasWilson\\Nube2\\php-laravel-docker\\vendor\\laravel\\framework\\src\\Illuminate\\Database\\Connection.php:825)
[stacktrace]
#0 D:\\Projects\\TareasWilson\\Nube2\\php-laravel-docker\\vendor\\laravel\\framework\\src\\Illuminate\\Database\\Connection.php(779): Illuminate\\Database\\Connection->runQueryCallback()
#1 D:\\Projects\\TareasWilson\\Nube2\\php-laravel-docker\\vendor\\laravel\\framework\\src\\Illuminate\\Database\\Connection.php(398): Illuminate\\Database\\Connection->run()
#2 D:\\Projects\\TareasWilson\\Nube2\\php-laravel-docker\\vendor\\laravel\\framework\\src\\Illuminate\\Database\\Connection.php(344): Illuminate\\Database\\Connection->select()
#3 D:\\Projects\\TareasWilson\\Nube2\\php-laravel-docker\\vendor\\laravel\\framework\\src\\Illuminate\\Database\\Connection.php(361): Illuminate\\Database\\Connection->selectOne()
#4 D:\\Projects\\TareasWilson\\Nube2\\php-laravel-docker\\vendor\\laravel\\framework\\src\\Illuminate\\Database\\Schema\\PostgresBuilder.php(52): Illuminate\\Database\\Connection->scalar()
#5 D:\\Projects\\TareasWilson\\Nube2\\php-laravel-docker\\vendor\\laravel\\framework\\src\\Illuminate\\Database\\Migrations\\DatabaseMigrationRepository.php(184): Illuminate\\Database\\Schema\\PostgresBuilder->hasTable()
#6 D:\\Projects\\TareasWilson\\Nube2\\php-laravel-docker\\vendor\\laravel\\framework\\src\\Illuminate\\Database\\Migrations\\Migrator.php(742): Illuminate\\Database\\Migrations\\DatabaseMigrationRepository->repositoryExists()
#7 D:\\Projects\\TareasWilson\\Nube2\\php-laravel-docker\\vendor\\laravel\\framework\\src\\Illuminate\\Database\\Console\\Migrations\\MigrateCommand.php(165): Illuminate\\Database\\Migrations\\Migrator->repositoryExists()
#8 D:\\Projects\\TareasWilson\\Nube2\\php-laravel-docker\\vendor\\laravel\\framework\\src\\Illuminate\\Support\\helpers.php(338): Illuminate\\Database\\Console\\Migrations\\MigrateCommand->{closure:Illuminate\\Database\\Console\\Migrations\\MigrateCommand::repositoryExists():165}()
#9 D:\\Projects\\TareasWilson\\Nube2\\php-laravel-docker\\vendor\\laravel\\framework\\src\\Illuminate\\Database\\Console\\Migrations\\MigrateCommand.php(165): retry()
#10 D:\\Projects\\TareasWilson\\Nube2\\php-laravel-docker\\vendor\\laravel\\framework\\src\\Illuminate\\Database\\Console\\Migrations\\MigrateCommand.php(141): Illuminate\\Database\\Console\\Migrations\\MigrateCommand->repositoryExists()
#11 D:\\Projects\\TareasWilson\\Nube2\\php-laravel-docker\\vendor\\laravel\\framework\\src\\Illuminate\\Database\\Console\\Migrations\\MigrateCommand.php(111): Illuminate\\Database\\Console\\Migrations\\MigrateCommand->prepareDatabase()
#12 D:\\Projects\\TareasWilson\\Nube2\\php-laravel-docker\\vendor\\laravel\\framework\\src\\Illuminate\\Database\\Migrations\\Migrator.php(658): Illuminate\\Database\\Console\\Migrations\\MigrateCommand->{closure:Illuminate\\Database\\Console\\Migrations\\MigrateCommand::runMigrations():110}()
#13 D:\\Projects\\TareasWilson\\Nube2\\php-laravel-docker\\vendor\\laravel\\framework\\src\\Illuminate\\Database\\Console\\Migrations\\MigrateCommand.php(110): Illuminate\\Database\\Migrations\\Migrator->usingConnection()
#14 D:\\Projects\\TareasWilson\\Nube2\\php-laravel-docker\\vendor\\laravel\\framework\\src\\Illuminate\\Database\\Console\\Migrations\\MigrateCommand.php(89): Illuminate\\Database\\Console\\Migrations\\MigrateCommand->runMigrations()
#15 D:\\Projects\\TareasWilson\\Nube2\\php-laravel-docker\\vendor\\laravel\\framework\\src\\Illuminate\\Container\\BoundMethod.php(36): Illuminate\\Database\\Console\\Migrations\\MigrateCommand->handle()
#16 D:\\Projects\\TareasWilson\\Nube2\\php-laravel-docker\\vendor\\laravel\\framework\\src\\Illuminate\\Container\\Util.php(43): Illuminate\\Container\\BoundMethod::{closure:Illuminate\\Container\\BoundMethod::call():35}()
#17 D:\\Projects\\TareasWilson\\Nube2\\php-laravel-docker\\vendor\\laravel\\framework\\src\\Illuminate\\Container\\BoundMethod.php(95): Illuminate\\Container\\Util::unwrapIfClosure()
#18 D:\\Projects\\TareasWilson\\Nube2\\php-laravel-docker\\vendor\\laravel\\framework\\src\\Illuminate\\Container\\BoundMethod.php(35): Illuminate\\Container\\BoundMethod::callBoundMethod()
#19 D:\\Projects\\TareasWilson\\Nube2\\php-laravel-docker\\vendor\\laravel\\framework\\src\\Illuminate\\Container\\Container.php(696): Illuminate\\Container\\BoundMethod::call()
#20 D:\\Projects\\TareasWilson\\Nube2\\php-laravel-docker\\vendor\\laravel\\framework\\src\\Illuminate\\Console\\Command.php(213): Illuminate\\Container\\Container->call()
#21 D:\\Projects\\TareasWilson\\Nube2\\php-laravel-docker\\vendor\\symfony\\console\\Command\\Command.php(279): Illuminate\\Console\\Command->execute()
#22 D:\\Projects\\TareasWilson\\Nube2\\php-laravel-docker\\vendor\\laravel\\framework\\src\\Illuminate\\Console\\Command.php(182): Symfony\\Component\\Console\\Command\\Command->run()
#23 D:\\Projects\\TareasWilson\\Nube2\\php-laravel-docker\\vendor\\symfony\\console\\Application.php(1094): Illuminate\\Console\\Command->run()
#24 D:\\Projects\\TareasWilson\\Nube2\\php-laravel-docker\\vendor\\symfony\\console\\Application.php(342): Symfony\\Component\\Console\\Application->doRunCommand()
#25 D:\\Projects\\TareasWilson\\Nube2\\php-laravel-docker\\vendor\\symfony\\console\\Application.php(193): Symfony\\Component\\Console\\Application->doRun()
#26 D:\\Projects\\TareasWilson\\Nube2\\php-laravel-docker\\vendor\\laravel\\framework\\src\\Illuminate\\Foundation\\Console\\Kernel.php(198): Symfony\\Component\\Console\\Application->run()
#27 D:\\Projects\\TareasWilson\\Nube2\\php-laravel-docker\\artisan(35): Illuminate\\Foundation\\Console\\Kernel->handle()
#28 {main}

[previous exception] [object] (PDOException(code: 0): could not find driver at D:\\Projects\\TareasWilson\\Nube2\\php-laravel-docker\\vendor\\laravel\\framework\\src\\Illuminate\\Database\\Connectors\\Connector.php:67)
[stacktrace]
#0 D:\\Projects\\TareasWilson\\Nube2\\php-laravel-docker\\vendor\\laravel\\framework\\src\\Illuminate\\Database\\Connectors\\Connector.php(67): PDO::connect()
#1 D:\\Projects\\TareasWilson\\Nube2\\php-laravel-docker\\vendor\\laravel\\framework\\src\\Illuminate\\Database\\Connectors\\Connector.php(44): Illuminate\\Database\\Connectors\\Connector->createPdoConnection()
#2 D:\\Projects\\TareasWilson\\Nube2\\php-laravel-docker\\vendor\\laravel\\framework\\src\\Illuminate\\Database\\Connectors\\PostgresConnector.php(35): Illuminate\\Database\\Connectors\\Connector->createConnection()
#3 D:\\Projects\\TareasWilson\\Nube2\\php-laravel-docker\\vendor\\laravel\\framework\\src\\Illuminate\\Database\\Connectors\\ConnectionFactory.php(185): Illuminate\\Database\\Connectors\\PostgresConnector->connect()
#4 [internal function]: Illuminate\\Database\\Connectors\\ConnectionFactory->{closure:Illuminate\\Database\\Connectors\\ConnectionFactory::createPdoResolverWithHosts():180}()
#5 D:\\Projects\\TareasWilson\\Nube2\\php-laravel-docker\\vendor\\laravel\\framework\\src\\Illuminate\\Database\\Connection.php(1231): call_user_func()
#6 D:\\Projects\\TareasWilson\\Nube2\\php-laravel-docker\\vendor\\laravel\\framework\\src\\Illuminate\\Database\\Connection.php(1267): Illuminate\\Database\\Connection->getPdo()
#7 D:\\Projects\\TareasWilson\\Nube2\\php-laravel-docker\\vendor\\laravel\\framework\\src\\Illuminate\\Database\\Connection.php(512): Illuminate\\Database\\Connection->getReadPdo()
#8 D:\\Projects\\TareasWilson\\Nube2\\php-laravel-docker\\vendor\\laravel\\framework\\src\\Illuminate\\Database\\Connection.php(407): Illuminate\\Database\\Connection->getPdoForSelect()
#9 D:\\Projects\\TareasWilson\\Nube2\\php-laravel-docker\\vendor\\laravel\\framework\\src\\Illuminate\\Database\\Connection.php(812): Illuminate\\Database\\Connection->{closure:Illuminate\\Database\\Connection::select():398}()
#10 D:\\Projects\\TareasWilson\\Nube2\\php-laravel-docker\\vendor\\laravel\\framework\\src\\Illuminate\\Database\\Connection.php(779): Illuminate\\Database\\Connection->runQueryCallback()
#11 D:\\Projects\\TareasWilson\\Nube2\\php-laravel-docker\\vendor\\laravel\\framework\\src\\Illuminate\\Database\\Connection.php(398): Illuminate\\Database\\Connection->run()
#12 D:\\Projects\\TareasWilson\\Nube2\\php-laravel-docker\\vendor\\laravel\\framework\\src\\Illuminate\\Database\\Connection.php(344): Illuminate\\Database\\Connection->select()
#13 D:\\Projects\\TareasWilson\\Nube2\\php-laravel-docker\\vendor\\laravel\\framework\\src\\Illuminate\\Database\\Connection.php(361): Illuminate\\Database\\Connection->selectOne()
#14 D:\\Projects\\TareasWilson\\Nube2\\php-laravel-docker\\vendor\\laravel\\framework\\src\\Illuminate\\Database\\Schema\\PostgresBuilder.php(52): Illuminate\\Database\\Connection->scalar()
#15 D:\\Projects\\TareasWilson\\Nube2\\php-laravel-docker\\vendor\\laravel\\framework\\src\\Illuminate\\Database\\Migrations\\DatabaseMigrationRepository.php(184): Illuminate\\Database\\Schema\\PostgresBuilder->hasTable()
#16 D:\\Projects\\TareasWilson\\Nube2\\php-laravel-docker\\vendor\\laravel\\framework\\src\\Illuminate\\Database\\Migrations\\Migrator.php(742): Illuminate\\Database\\Migrations\\DatabaseMigrationRepository->repositoryExists()
#17 D:\\Projects\\TareasWilson\\Nube2\\php-laravel-docker\\vendor\\laravel\\framework\\src\\Illuminate\\Database\\Console\\Migrations\\MigrateCommand.php(165): Illuminate\\Database\\Migrations\\Migrator->repositoryExists()
#18 D:\\Projects\\TareasWilson\\Nube2\\php-laravel-docker\\vendor\\laravel\\framework\\src\\Illuminate\\Support\\helpers.php(338): Illuminate\\Database\\Console\\Migrations\\MigrateCommand->{closure:Illuminate\\Database\\Console\\Migrations\\MigrateCommand::repositoryExists():165}()
#19 D:\\Projects\\TareasWilson\\Nube2\\php-laravel-docker\\vendor\\laravel\\framework\\src\\Illuminate\\Database\\Console\\Migrations\\MigrateCommand.php(165): retry()
#20 D:\\Projects\\TareasWilson\\Nube2\\php-laravel-docker\\vendor\\laravel\\framework\\src\\Illuminate\\Database\\Console\\Migrations\\MigrateCommand.php(141): Illuminate\\Database\\Console\\Migrations\\MigrateCommand->repositoryExists()
#21 D:\\Projects\\TareasWilson\\Nube2\\php-laravel-docker\\vendor\\laravel\\framework\\src\\Illuminate\\Database\\Console\\Migrations\\MigrateCommand.php(111): Illuminate\\Database\\Console\\Migrations\\MigrateCommand->prepareDatabase()
#22 D:\\Projects\\TareasWilson\\Nube2\\php-laravel-docker\\vendor\\laravel\\framework\\src\\Illuminate\\Database\\Migrations\\Migrator.php(658): Illuminate\\Database\\Console\\Migrations\\MigrateCommand->{closure:Illuminate\\Database\\Console\\Migrations\\MigrateCommand::runMigrations():110}()
#23 D:\\Projects\\TareasWilson\\Nube2\\php-laravel-docker\\vendor\\laravel\\framework\\src\\Illuminate\\Database\\Console\\Migrations\\MigrateCommand.php(110): Illuminate\\Database\\Migrations\\Migrator->usingConnection()
#24 D:\\Projects\\TareasWilson\\Nube2\\php-laravel-docker\\vendor\\laravel\\framework\\src\\Illuminate\\Database\\Console\\Migrations\\MigrateCommand.php(89): Illuminate\\Database\\Console\\Migrations\\MigrateCommand->runMigrations()
#25 D:\\Projects\\TareasWilson\\Nube2\\php-laravel-docker\\vendor\\laravel\\framework\\src\\Illuminate\\Container\\BoundMethod.php(36): Illuminate\\Database\\Console\\Migrations\\MigrateCommand->handle()
#26 D:\\Projects\\TareasWilson\\Nube2\\php-laravel-docker\\vendor\\laravel\\framework\\src\\Illuminate\\Container\\Util.php(43): Illuminate\\Container\\BoundMethod::{closure:Illuminate\\Container\\BoundMethod::call():35}()
#27 D:\\Projects\\TareasWilson\\Nube2\\php-laravel-docker\\vendor\\laravel\\framework\\src\\Illuminate\\Container\\BoundMethod.php(95): Illuminate\\Container\\Util::unwrapIfClosure()
#28 D:\\Projects\\TareasWilson\\Nube2\\php-laravel-docker\\vendor\\laravel\\framework\\src\\Illuminate\\Container\\BoundMethod.php(35): Illuminate\\Container\\BoundMethod::callBoundMethod()
#29 D:\\Projects\\TareasWilson\\Nube2\\php-laravel-docker\\vendor\\laravel\\framework\\src\\Illuminate\\Container\\Container.php(696): Illuminate\\Container\\BoundMethod::call()
#30 D:\\Projects\\TareasWilson\\Nube2\\php-laravel-docker\\vendor\\laravel\\framework\\src\\Illuminate\\Console\\Command.php(213): Illuminate\\Container\\Container->call()
#31 D:\\Projects\\TareasWilson\\Nube2\\php-laravel-docker\\vendor\\symfony\\console\\Command\\Command.php(279): Illuminate\\Console\\Command->execute()
#32 D:\\Projects\\TareasWilson\\Nube2\\php-laravel-docker\\vendor\\laravel\\framework\\src\\Illuminate\\Console\\Command.php(182): Symfony\\Component\\Console\\Command\\Command->run()
#33 D:\\Projects\\TareasWilson\\Nube2\\php-laravel-docker\\vendor\\symfony\\console\\Application.php(1094): Illuminate\\Console\\Command->run()
#34 D:\\Projects\\TareasWilson\\Nube2\\php-laravel-docker\\vendor\\symfony\\console\\Application.php(342): Symfony\\Component\\Console\\Application->doRunCommand()
#35 D:\\Projects\\TareasWilson\\Nube2\\php-laravel-docker\\vendor\\symfony\\console\\Application.php(193): Symfony\\Component\\Console\\Application->doRun()
#36 D:\\Projects\\TareasWilson\\Nube2\\php-laravel-docker\\vendor\\laravel\\framework\\src\\Illuminate\\Foundation\\Console\\Kernel.php(198): Symfony\\Component\\Console\\Application->run()
#37 D:\\Projects\\TareasWilson\\Nube2\\php-laravel-docker\\artisan(35): Illuminate\\Foundation\\Console\\Kernel->handle()
#38 {main}
"} 
